<?xml version="1.0" encoding="UTF-8"?>
<testsuite name="com.ud867.data.utils.test.jokeTests" tests="1" skipped="0" failures="0" errors="0" timestamp="2017-01-14T13:06:30" hostname="L-BLR-00440636" time="0.01">
  <properties/>
  <testcase name="test" classname="com.ud867.data.utils.test.jokeTests" time="0.01"/>
  <system-out><![CDATA[]]></system-out>
  <system-err><![CDATA[]]></system-err>
</testsuite>
